{"C:\\Users\\Owner\\Desktop\\AI-LCA-website\\frontend\\src\\InputForm.jsx": {"path":"C:\\Users\\Owner\\Desktop\\AI-LCA-website\\frontend\\src\\InputForm.jsx","statementMap":{"0":{"start":{"line":4,"column":36},"end":{"line":4,"column":48}},"1":{"start":{"line":5,"column":48},"end":{"line":5,"column":60}},"2":{"start":{"line":6,"column":42},"end":{"line":6,"column":54}},"3":{"start":{"line":7,"column":28},"end":{"line":7,"column":40}},"4":{"start":{"line":8,"column":42},"end":{"line":8,"column":54}},"5":{"start":{"line":9,"column":44},"end":{"line":9,"column":56}},"6":{"start":{"line":10,"column":36},"end":{"line":10,"column":48}},"7":{"start":{"line":11,"column":34},"end":{"line":11,"column":46}},"8":{"start":{"line":12,"column":34},"end":{"line":12,"column":46}},"9":{"start":{"line":14,"column":23},"end":{"line":27,"column":3}},"10":{"start":{"line":15,"column":4},"end":{"line":15,"column":23}},"11":{"start":{"line":16,"column":4},"end":{"line":26,"column":7}},"12":{"start":{"line":29,"column":2},"end":{"line":172,"column":4}},"13":{"start":{"line":38,"column":31},"end":{"line":38,"column":62}},"14":{"start":{"line":60,"column":31},"end":{"line":60,"column":55}},"15":{"start":{"line":75,"column":31},"end":{"line":75,"column":59}},"16":{"start":{"line":85,"column":31},"end":{"line":85,"column":62}},"17":{"start":{"line":102,"column":31},"end":{"line":102,"column":65}},"18":{"start":{"line":112,"column":31},"end":{"line":112,"column":63}},"19":{"start":{"line":129,"column":31},"end":{"line":129,"column":58}},"20":{"start":{"line":140,"column":31},"end":{"line":140,"column":58}},"21":{"start":{"line":150,"column":31},"end":{"line":150,"column":59}}},"fnMap":{"0":{"name":"InputForm","decl":{"start":{"line":3,"column":9},"end":{"line":3,"column":18}},"loc":{"start":{"line":3,"column":33},"end":{"line":173,"column":1}},"line":3},"1":{"name":"(anonymous_1)","decl":{"start":{"line":14,"column":23},"end":{"line":14,"column":24}},"loc":{"start":{"line":14,"column":30},"end":{"line":27,"column":3}},"line":14},"2":{"name":"(anonymous_2)","decl":{"start":{"line":38,"column":24},"end":{"line":38,"column":25}},"loc":{"start":{"line":38,"column":31},"end":{"line":38,"column":62}},"line":38},"3":{"name":"(anonymous_3)","decl":{"start":{"line":60,"column":24},"end":{"line":60,"column":25}},"loc":{"start":{"line":60,"column":31},"end":{"line":60,"column":55}},"line":60},"4":{"name":"(anonymous_4)","decl":{"start":{"line":75,"column":24},"end":{"line":75,"column":25}},"loc":{"start":{"line":75,"column":31},"end":{"line":75,"column":59}},"line":75},"5":{"name":"(anonymous_5)","decl":{"start":{"line":85,"column":24},"end":{"line":85,"column":25}},"loc":{"start":{"line":85,"column":31},"end":{"line":85,"column":62}},"line":85},"6":{"name":"(anonymous_6)","decl":{"start":{"line":102,"column":24},"end":{"line":102,"column":25}},"loc":{"start":{"line":102,"column":31},"end":{"line":102,"column":65}},"line":102},"7":{"name":"(anonymous_7)","decl":{"start":{"line":112,"column":24},"end":{"line":112,"column":25}},"loc":{"start":{"line":112,"column":31},"end":{"line":112,"column":63}},"line":112},"8":{"name":"(anonymous_8)","decl":{"start":{"line":129,"column":24},"end":{"line":129,"column":25}},"loc":{"start":{"line":129,"column":31},"end":{"line":129,"column":58}},"line":129},"9":{"name":"(anonymous_9)","decl":{"start":{"line":140,"column":24},"end":{"line":140,"column":25}},"loc":{"start":{"line":140,"column":31},"end":{"line":140,"column":58}},"line":140},"10":{"name":"(anonymous_10)","decl":{"start":{"line":150,"column":24},"end":{"line":150,"column":25}},"loc":{"start":{"line":150,"column":31},"end":{"line":150,"column":59}},"line":150}},"branchMap":{},"s":{"0":0,"1":0,"2":0,"3":0,"4":0,"5":0,"6":0,"7":0,"8":0,"9":0,"10":0,"11":0,"12":0,"13":0,"14":0,"15":0,"16":0,"17":0,"18":0,"19":0,"20":0,"21":0},"f":{"0":0,"1":0,"2":0,"3":0,"4":0,"5":0,"6":0,"7":0,"8":0,"9":0,"10":0},"b":{},"_coverageSchema":"1a1c01bbd47fc00a2c39e90264f33305004495a9","hash":"3dd361b004adba896f017e5bb81246cc35d624a7"}
,"C:\\Users\\Owner\\Desktop\\AI-LCA-website\\frontend\\src\\Results.jsx": {"path":"C:\\Users\\Owner\\Desktop\\AI-LCA-website\\frontend\\src\\Results.jsx","statementMap":{"0":{"start":{"line":5,"column":2},"end":{"line":5,"column":27}},"1":{"start":{"line":5,"column":15},"end":{"line":5,"column":27}},"2":{"start":{"line":7,"column":15},"end":{"line":16,"column":3}},"3":{"start":{"line":18,"column":25},"end":{"line":35,"column":3}},"4":{"start":{"line":19,"column":19},"end":{"line":27,"column":5}},"5":{"start":{"line":28,"column":17},"end":{"line":28,"column":59}},"6":{"start":{"line":29,"column":16},"end":{"line":29,"column":41}},"7":{"start":{"line":30,"column":14},"end":{"line":30,"column":41}},"8":{"start":{"line":31,"column":4},"end":{"line":31,"column":17}},"9":{"start":{"line":32,"column":4},"end":{"line":32,"column":34}},"10":{"start":{"line":33,"column":4},"end":{"line":33,"column":14}},"11":{"start":{"line":34,"column":4},"end":{"line":34,"column":29}},"12":{"start":{"line":37,"column":2},"end":{"line":86,"column":4}}},"fnMap":{"0":{"name":"Results","decl":{"start":{"line":4,"column":9},"end":{"line":4,"column":16}},"loc":{"start":{"line":4,"column":29},"end":{"line":87,"column":1}},"line":4},"1":{"name":"(anonymous_1)","decl":{"start":{"line":18,"column":25},"end":{"line":18,"column":26}},"loc":{"start":{"line":18,"column":31},"end":{"line":35,"column":3}},"line":18}},"branchMap":{"0":{"loc":{"start":{"line":5,"column":2},"end":{"line":5,"column":27}},"type":"if","locations":[{"start":{"line":5,"column":2},"end":{"line":5,"column":27}},{"start":{},"end":{}}],"line":5}},"s":{"0":0,"1":0,"2":0,"3":0,"4":0,"5":0,"6":0,"7":0,"8":0,"9":0,"10":0,"11":0,"12":0},"f":{"0":0,"1":0},"b":{"0":[0,0]},"_coverageSchema":"1a1c01bbd47fc00a2c39e90264f33305004495a9","hash":"2b29e926b59ca061e91ec64acae8c6d9b39f3e86"}
,"C:\\Users\\Owner\\Desktop\\AI-LCA-website\\frontend\\src\\pages\\LCASetup.jsx": {"path":"C:\\Users\\Owner\\Desktop\\AI-LCA-website\\frontend\\src\\pages\\LCASetup.jsx","statementMap":{"0":{"start":{"line":6,"column":2},"end":{"line":25,"column":4}}},"fnMap":{"0":{"name":"LCASetup","decl":{"start":{"line":5,"column":9},"end":{"line":5,"column":17}},"loc":{"start":{"line":5,"column":41},"end":{"line":26,"column":1}},"line":5}},"branchMap":{"0":{"loc":{"start":{"line":13,"column":7},"end":{"line":23,"column":7}},"type":"cond-expr","locations":[{"start":{"line":14,"column":8},"end":{"line":17,"column":14}},{"start":{"line":19,"column":8},"end":{"line":22,"column":14}}],"line":13}},"s":{"0":0},"f":{"0":0},"b":{"0":[0,0]},"_coverageSchema":"1a1c01bbd47fc00a2c39e90264f33305004495a9","hash":"b8127eccbe55d80fbec86db10df5366e1c33707a"}
}
