TN:
SF:src\InputForm.jsx
FN:3,InputForm
FN:14,(anonymous_1)
FN:38,(anonymous_2)
FN:60,(anonymous_3)
FN:75,(anonymous_4)
FN:85,(anonymous_5)
FN:102,(anonymous_6)
FN:112,(anonymous_7)
FN:129,(anonymous_8)
FN:140,(anonymous_9)
FN:150,(anonymous_10)
FNF:11
FNH:0
FNDA:0,InputForm
FNDA:0,(anonymous_1)
FNDA:0,(anonymous_2)
FNDA:0,(anonymous_3)
FNDA:0,(anonymous_4)
FNDA:0,(anonymous_5)
FNDA:0,(anonymous_6)
FNDA:0,(anonymous_7)
FNDA:0,(anonymous_8)
FNDA:0,(anonymous_9)
FNDA:0,(anonymous_10)
DA:4,0
DA:5,0
DA:6,0
DA:7,0
DA:8,0
DA:9,0
DA:10,0
DA:11,0
DA:12,0
DA:14,0
DA:15,0
DA:16,0
DA:29,0
DA:38,0
DA:60,0
DA:75,0
DA:85,0
DA:102,0
DA:112,0
DA:129,0
DA:140,0
DA:150,0
LF:22
LH:0
BRF:0
BRH:0
end_of_record
TN:
SF:src\Results.jsx
FN:4,Results
FN:18,(anonymous_1)
FNF:2
FNH:0
FNDA:0,Results
FNDA:0,(anonymous_1)
DA:5,0
DA:7,0
DA:18,0
DA:19,0
DA:28,0
DA:29,0
DA:30,0
DA:31,0
DA:32,0
DA:33,0
DA:34,0
DA:37,0
LF:12
LH:0
BRDA:5,0,0,0
BRDA:5,0,1,0
BRF:2
BRH:0
end_of_record
TN:
SF:src\pages\LCASetup.jsx
FN:5,LCASetup
FNF:1
FNH:0
FNDA:0,LCASetup
DA:6,0
LF:1
LH:0
BRDA:13,0,0,0
BRDA:13,0,1,0
BRF:2
BRH:0
end_of_record
